19-Jan-17 17:41:31	This log contains information about the import schema operation into project 'Bonisoft_db' on computer 'GBORDEROLLE1' by user 'GBORDEROLLE1'.
19-Jan-17 17:41:31	Import of database schema has started.
19-Jan-17 17:41:36	Gathering database options
19-Jan-17 17:41:36	Gathering users
19-Jan-17 17:41:36	Gathering roles
19-Jan-17 17:41:36	Gathering application roles
19-Jan-17 17:41:36	Gathering role memberships
19-Jan-17 17:41:36	Gathering filegroups
19-Jan-17 17:41:36	Gathering full-text catalogs
19-Jan-17 17:41:36	Gathering assemblies
19-Jan-17 17:41:36	Gathering certificates
19-Jan-17 17:41:36	Gathering asymmetric keys
19-Jan-17 17:41:36	Gathering symmetric keys
19-Jan-17 17:41:36	Gathering encrypted symmetric keys
19-Jan-17 17:41:36	Gathering schemas
19-Jan-17 17:41:36	Gathering XML schema collections
19-Jan-17 17:41:36	Gathering user-defined data types
19-Jan-17 17:41:36	Gathering user-defined types
19-Jan-17 17:41:36	Gathering table types
19-Jan-17 17:41:36	Gathering unique keys for table types
19-Jan-17 17:41:36	Gathering primary keys for table types
19-Jan-17 17:41:36	Gathering indexes for table types
19-Jan-17 17:41:36	Gathering check constraints for table types
19-Jan-17 17:41:36	Gathering default constraints for table types
19-Jan-17 17:41:36	Gathering partition functions
19-Jan-17 17:41:36	Gathering partition schemes
19-Jan-17 17:41:36	Gathering functions
19-Jan-17 17:41:36	Gathering encrypted functions
19-Jan-17 17:41:36	Gathering aggregates
19-Jan-17 17:41:36	Gathering procedures
19-Jan-17 17:41:37	Gathering encrypted procedures
19-Jan-17 17:41:37	Gathering tables
19-Jan-17 17:41:37	Gathering primary keys
19-Jan-17 17:41:37	Gathering unique constraints
19-Jan-17 17:41:37	Gathering foreign keys
19-Jan-17 17:41:37	Gathering default constraints
19-Jan-17 17:41:37	Gathering check constraints
19-Jan-17 17:41:37	Gathering views
19-Jan-17 17:41:37	Gathering encrypted views
19-Jan-17 17:41:37	Gathering indexes
19-Jan-17 17:41:37	Gathering statistics
19-Jan-17 17:41:37	Gathering full-text index stoplists
19-Jan-17 17:41:37	Gathering search property lists
19-Jan-17 17:41:37	Gathering search properties
19-Jan-17 17:41:37	Gathering full-text indexes
19-Jan-17 17:41:37	Gathering column store indexes
19-Jan-17 17:41:37	Gathering spatial indexes
19-Jan-17 17:41:37	Gathering XML indexes
19-Jan-17 17:41:37	Gathering Selective XML indexes
19-Jan-17 17:41:37	Gathering encrypted triggers
19-Jan-17 17:41:37	Gathering triggers
19-Jan-17 17:41:37	Gathering encrypted and clr ddl triggers
19-Jan-17 17:41:37	Gathering ddl triggers
19-Jan-17 17:41:37	Gathering synonyms
19-Jan-17 17:41:37	Gathering defaults
19-Jan-17 17:41:37	Gathering data constraint uddt bindings
19-Jan-17 17:41:37	Gathering rules
19-Jan-17 17:41:37	Gathering data constraint uddt bindings
19-Jan-17 17:41:37	Gathering message types
19-Jan-17 17:41:37	Gathering queues
19-Jan-17 17:41:37	Gathering contracts
19-Jan-17 17:41:37	Gathering services
19-Jan-17 17:41:37	Gathering event notifications
19-Jan-17 17:41:37	Gathering remote service bindings
19-Jan-17 17:41:37	Gathering broker priorities
19-Jan-17 17:41:37	Gathering signatures
19-Jan-17 17:41:37	Gathering data compression options
19-Jan-17 17:41:37	Gathering sequence types
19-Jan-17 17:41:37	Gathering extended properties
19-Jan-17 17:41:37	Gathering credentials
19-Jan-17 17:41:37	Gathering logins
19-Jan-17 17:41:37	Gathering server audits
19-Jan-17 17:41:38	Scanning project for duplicate elements
19-Jan-17 17:41:38	Finished duplicate element processing
19-Jan-17 17:41:39	Finished importing database.
19-Jan-17 17:41:39	A summary of the import was saved to the following location: C:\Users\GBORDEROLLE-PC\Documents\GitHub\Bonisoft_repo\Bonisoft_2\Bonisoft_db\Import Schema Logs\Bonisoft_db_20170119084131.log
19-Jan-17 17:41:39	Click Finish to continue...
